2023-10-26 14:04:58 error: handleAudit error : Auditing smart contract failed
2023-10-26 14:05:29 error: handleAudit error : Auditing smart contract failed
2023-10-26 14:07:28 error: handleAudit error : Auditing smart contract failed
2023-10-27 15:52:44 error: handleAudit error : Cannot read properties of undefined (reading 'buffer')
2023-10-27 15:54:03 error: handleAudit error : Cannot read properties of undefined (reading 'buffer')
2023-10-27 15:54:55 error: handleAudit error : Cannot read properties of undefined (reading 'buffer')
2023-10-27 15:55:18 error: handleAudit error : Cannot read properties of undefined (reading 'buffer')
2023-10-27 16:44:54 error: handleAudit error : smart contract needed to be passed
2023-10-27 16:45:45 error: handleAudit error : smart contract needed to be passed
2023-10-27 16:51:31 error: AuditContract error : Unexpected token ' in JSON at position 6
2023-10-27 16:51:31 error: handleAudit error : Auditing smart contract failed
2024-02-20 20:49:02 error: AuditContract error : Request failed with status code 401
2024-02-20 20:49:02 error: handleAudit error : Auditing smart contract failed
2024-02-20 20:51:42 error: AuditContract error : Request failed with status code 401
2024-02-20 20:51:42 error: handleAudit error : Auditing smart contract failed
2024-02-20 20:52:25 error: AuditContract error : Request failed with status code 429
2024-02-20 20:52:25 error: handleAudit error : Auditing smart contract failed
2024-02-20 20:56:35 error: AuditContract error : Request failed with status code 429
2024-02-20 20:56:35 error: handleAudit error : Auditing smart contract failed
2024-02-20 21:00:47 error: AuditContract error : Request failed with status code 429
2024-02-20 21:00:47 error: handleAudit error : Auditing smart contract failed
2024-02-20 21:03:59 error: handleAudit error : error is not defined
2024-02-20 21:04:45 error: handleAudit error : error is not defined
2024-02-20 21:05:07 error: handleAudit error : sendRequest is not defined
2024-02-20 21:11:54 error: AuditContract error : Request failed with status code 429
2024-02-20 21:11:54 error: handleAudit error : Auditing smart contract failed
2024-02-20 21:18:08 error: AuditContract error : Request failed with status code 404
2024-02-20 21:18:08 error: handleAudit error : Auditing smart contract failed
2024-02-20 21:18:32 error: AuditContract error : Unexpected token 'T', "Thank you!"... is not valid JSON
2024-02-20 21:18:32 error: handleAudit error : Auditing smart contract failed
2024-02-20 21:19:46 error: AuditContract error : Unexpected token 'T', "The evalua"... is not valid JSON
2024-02-20 21:19:46 error: handleAudit error : Auditing smart contract failed
2024-02-20 23:34:23 error: AuditContract error : Request failed with status code 401
2024-02-20 23:34:23 error: handleAudit error : Auditing smart contract failed
2024-02-20 23:34:59 error: AuditContract error : Request failed with status code 401
2024-02-20 23:34:59 error: handleAudit error : Auditing smart contract failed
2024-02-20 23:36:50 error: AuditContract error : Request failed with status code 401
2024-02-20 23:36:50 error: handleAudit error : Auditing smart contract failed
2024-02-20 23:37:36 error: AuditContract error : Request failed with status code 401
2024-02-20 23:37:36 error: handleAudit error : Auditing smart contract failed
2024-02-20 23:54:05 error: AuditContract error : Request failed with status code 401
2024-02-20 23:54:05 error: handleAudit error : Auditing smart contract failed
